<?xml version="1.0" encoding="UTF-8"?>
<testng-results skipped="0" failed="0" ignored="0" total="1" passed="1">
  <reporter-output>
  </reporter-output>
  <suite name="Exploratory Testing" duration-ms="86362" started-at="2021-06-28T20:42:24 IST" finished-at="2021-06-28T20:43:50 IST">
    <groups>
    </groups>
    <test name="AutomationTask" duration-ms="86362" started-at="2021-06-28T20:42:24 IST" finished-at="2021-06-28T20:43:50 IST">
      <class name="test.functional.TestScript">
        <test-method status="PASS" signature="launchBrowser()[pri:0, instance:test.functional.TestScript@2b552920]" name="launchBrowser" is-config="true" duration-ms="41744" started-at="2021-06-28T20:42:24 IST" finished-at="2021-06-28T20:43:05 IST">
          <reporter-output>
          </reporter-output>
        </test-method> <!-- launchBrowser -->
        <test-method status="PASS" signature="launchURL()[pri:0, instance:test.functional.TestScript@2b552920]" name="launchURL" is-config="true" duration-ms="3859" started-at="2021-06-28T20:43:05 IST" finished-at="2021-06-28T20:43:09 IST">
          <reporter-output>
          </reporter-output>
        </test-method> <!-- launchURL -->
        <test-method status="PASS" signature="validateEnglishToSpanishTranslate()[pri:0, instance:test.functional.TestScript@2b552920]" name="validateEnglishToSpanishTranslate" duration-ms="39635" started-at="2021-06-28T20:43:09 IST" finished-at="2021-06-28T20:43:49 IST">
          <reporter-output>
          </reporter-output>
        </test-method> <!-- validateEnglishToSpanishTranslate -->
        <test-method status="PASS" signature="closeBrowser()[pri:0, instance:test.functional.TestScript@2b552920]" name="closeBrowser" is-config="true" duration-ms="1049" started-at="2021-06-28T20:43:49 IST" finished-at="2021-06-28T20:43:50 IST">
          <reporter-output>
          </reporter-output>
        </test-method> <!-- closeBrowser -->
      </class> <!-- test.functional.TestScript -->
    </test> <!-- AutomationTask -->
  </suite> <!-- Exploratory Testing -->
</testng-results>
